ERROR: This cross-compiler package contains no program /uufs/chpc.utah.edu/common/home/u0890904/software/pkg/miniconda3/envs/CO2_Eddy/bin/x86_64-conda_cos6-linux-gnu-cc
ERROR: activate-gcc_linux-64.sh failed, see above for details
ERROR: This cross-compiler package contains no program /uufs/chpc.utah.edu/common/home/u0890904/software/pkg/miniconda3/envs/CO2_Eddy/bin/x86_64-conda_cos6-linux-gnu-gfortran
INFO: activate-gfortran_linux-64.sh made the following environmental changes:
+HOST=x86_64-conda_cos6-linux-gnu
ERROR: This cross-compiler package contains no program /uufs/chpc.utah.edu/common/home/u0890904/software/pkg/miniconda3/envs/CO2_Eddy/bin/x86_64-conda_cos6-linux-gnu-c++
ERROR: activate-gxx_linux-64.sh failed, see above for details
reading in pickle
lagging 1 periods
gridsearching
Fitting 3 folds for each of 324 candidates, totalling 972 fits
Using TensorFlow backend.
[Parallel(n_jobs=-1)]: Using backend LokyBackend with 56 concurrent workers.
2020-02-26 16:56:17.567711: I tensorflow/core/platform/cpu_feature_guard.cc:145] This TensorFlow binary is optimized with Intel(R) MKL-DNN to use the following CPU instructions in performance critical operations:  SSE4.1 SSE4.2 AVX AVX2 FMA
To enable them in non-MKL-DNN operations, rebuild TensorFlow with the appropriate compiler flags.
2020-02-26 16:56:17.568183: I tensorflow/core/platform/cpu_feature_guard.cc:145] This TensorFlow binary is optimized with Intel(R) MKL-DNN to use the following CPU instructions in performance critical operations:  SSE4.1 SSE4.2 AVX AVX2 FMA
To enable them in non-MKL-DNN operations, rebuild TensorFlow with the appropriate compiler flags.
2020-02-26 16:56:17.568939: I tensorflow/core/platform/cpu_feature_guard.cc:145] This TensorFlow binary is optimized with Intel(R) MKL-DNN to use the following CPU instructions in performance critical operations:  SSE4.1 SSE4.2 AVX AVX2 FMA
To enable them in non-MKL-DNN operations, rebuild TensorFlow with the appropriate compiler flags.
2020-02-26 16:56:17.572594: I tensorflow/core/platform/cpu_feature_guard.cc:145] This TensorFlow binary is optimized with Intel(R) MKL-DNN to use the following CPU instructions in performance critical operations:  SSE4.1 SSE4.2 AVX AVX2 FMA
To enable them in non-MKL-DNN operations, rebuild TensorFlow with the appropriate compiler flags.
2020-02-26 16:56:17.572734: I tensorflow/core/platform/cpu_feature_guard.cc:145] This TensorFlow binary is optimized with Intel(R) MKL-DNN to use the following CPU instructions in performance critical operations:  SSE4.1 SSE4.2 AVX AVX2 FMA
To enable them in non-MKL-DNN operations, rebuild TensorFlow with the appropriate compiler flags.
2020-02-26 16:56:17.572847: I tensorflow/core/platform/cpu_feature_guard.cc:145] This TensorFlow binary is optimized with Intel(R) MKL-DNN to use the following CPU instructions in performance critical operations:  SSE4.1 SSE4.2 AVX AVX2 FMA
To enable them in non-MKL-DNN operations, rebuild TensorFlow with the appropriate compiler flags.
2020-02-26 16:56:17.572989: I tensorflow/core/platform/cpu_feature_guard.cc:145] This TensorFlow binary is optimized with Intel(R) MKL-DNN to use the following CPU instructions in performance critical operations:  SSE4.1 SSE4.2 AVX AVX2 FMA
To enable them in non-MKL-DNN operations, rebuild TensorFlow with the appropriate compiler flags.
2020-02-26 16:56:17.573078: I tensorflow/core/platform/cpu_feature_guard.cc:145] This TensorFlow binary is optimized with Intel(R) MKL-DNN to use the following CPU instructions in performance critical operations:  SSE4.1 SSE4.2 AVX AVX2 FMA
To enable them in non-MKL-DNN operations, rebuild TensorFlow with the appropriate compiler flags.
2020-02-26 16:56:17.569090: I tensorflow/core/platform/cpu_feature_guard.cc:145] This TensorFlow binary is optimized with Intel(R) MKL-DNN to use the following CPU instructions in performance critical operations:  SSE4.1 SSE4.2 AVX AVX2 FMA
To enable them in non-MKL-DNN operations, rebuild TensorFlow with the appropriate compiler flags.
2020-02-26 16:56:17.569217: I tensorflow/core/platform/cpu_feature_guard.cc:145] This TensorFlow binary is optimized with Intel(R) MKL-DNN to use the following CPU instructions in performance critical operations:  SSE4.1 SSE4.2 AVX AVX2 FMA
To enable them in non-MKL-DNN operations, rebuild TensorFlow with the appropriate compiler flags.
2020-02-26 16:56:17.569311: I tensorflow/core/platform/cpu_feature_guard.cc:145] This TensorFlow binary is optimized with Intel(R) MKL-DNN to use the following CPU instructions in performance critical operations:  SSE4.1 SSE4.2 AVX AVX2 FMA
To enable them in non-MKL-DNN operations, rebuild TensorFlow with the appropriate compiler flags.
2020-02-26 16:56:17.569426: I tensorflow/core/platform/cpu_feature_guard.cc:145] This TensorFlow binary is optimized with Intel(R) MKL-DNN to use the following CPU instructions in performance critical operations:  SSE4.1 SSE4.2 AVX AVX2 FMA
To enable them in non-MKL-DNN operations, rebuild TensorFlow with the appropriate compiler flags.
2020-02-26 16:56:17.569537: I tensorflow/core/platform/cpu_feature_guard.cc:145] This TensorFlow binary is optimized with Intel(R) MKL-DNN to use the following CPU instructions in performance critical operations:  SSE4.1 SSE4.2 AVX AVX2 FMA
To enable them in non-MKL-DNN operations, rebuild TensorFlow with the appropriate compiler flags.
2020-02-26 16:56:17.569656: I tensorflow/core/platform/cpu_feature_guard.cc:145] This TensorFlow binary is optimized with Intel(R) MKL-DNN to use the following CPU instructions in performance critical operations:  SSE4.1 SSE4.2 AVX AVX2 FMA
To enable them in non-MKL-DNN operations, rebuild TensorFlow with the appropriate compiler flags.
2020-02-26 16:56:17.569782: I tensorflow/core/platform/cpu_feature_guard.cc:145] This TensorFlow binary is optimized with Intel(R) MKL-DNN to use the following CPU instructions in performance critical operations:  SSE4.1 SSE4.2 AVX AVX2 FMA
To enable them in non-MKL-DNN operations, rebuild TensorFlow with the appropriate compiler flags.
2020-02-26 16:56:17.569928: I tensorflow/core/platform/cpu_feature_guard.cc:145] This TensorFlow binary is optimized with Intel(R) MKL-DNN to use the following CPU instructions in performance critical operations:  SSE4.1 SSE4.2 AVX AVX2 FMA
To enable them in non-MKL-DNN operations, rebuild TensorFlow with the appropriate compiler flags.
2020-02-26 16:56:17.570046: I tensorflow/core/platform/cpu_feature_guard.cc:145] This TensorFlow binary is optimized with Intel(R) MKL-DNN to use the following CPU instructions in performance critical operations:  SSE4.1 SSE4.2 AVX AVX2 FMA
To enable them in non-MKL-DNN operations, rebuild TensorFlow with the appropriate compiler flags.
2020-02-26 16:56:17.573929: I tensorflow/core/platform/cpu_feature_guard.cc:145] This TensorFlow binary is optimized with Intel(R) MKL-DNN to use the following CPU instructions in performance critical operations:  SSE4.1 SSE4.2 AVX AVX2 FMA
To enable them in non-MKL-DNN operations, rebuild TensorFlow with the appropriate compiler flags.
2020-02-26 16:56:17.570176: I tensorflow/core/platform/cpu_feature_guard.cc:145] This TensorFlow binary is optimized with Intel(R) MKL-DNN to use the following CPU instructions in performance critical operations:  SSE4.1 SSE4.2 AVX AVX2 FMA
To enable them in non-MKL-DNN operations, rebuild TensorFlow with the appropriate compiler flags.
2020-02-26 16:56:17.574566: I tensorflow/core/platform/cpu_feature_guard.cc:145] This TensorFlow binary is optimized with Intel(R) MKL-DNN to use the following CPU instructions in performance critical operations:  SSE4.1 SSE4.2 AVX AVX2 FMA
To enable them in non-MKL-DNN operations, rebuild TensorFlow with the appropriate compiler flags.
2020-02-26 16:56:17.574777: I tensorflow/core/platform/cpu_feature_guard.cc:145] This TensorFlow binary is optimized with Intel(R) MKL-DNN to use the following CPU instructions in performance critical operations:  SSE4.1 SSE4.2 AVX AVX2 FMA
To enable them in non-MKL-DNN operations, rebuild TensorFlow with the appropriate compiler flags.
2020-02-26 16:56:17.575166: I tensorflow/core/platform/cpu_feature_guard.cc:145] This TensorFlow binary is optimized with Intel(R) MKL-DNN to use the following CPU instructions in performance critical operations:  SSE4.1 SSE4.2 AVX AVX2 FMA
To enable them in non-MKL-DNN operations, rebuild TensorFlow with the appropriate compiler flags.
2020-02-26 16:56:17.575427: I tensorflow/core/platform/cpu_feature_guard.cc:145] This TensorFlow binary is optimized with Intel(R) MKL-DNN to use the following CPU instructions in performance critical operations:  SSE4.1 SSE4.2 AVX AVX2 FMA
To enable them in non-MKL-DNN operations, rebuild TensorFlow with the appropriate compiler flags.
2020-02-26 16:56:17.575940: I tensorflow/core/platform/cpu_feature_guard.cc:145] This TensorFlow binary is optimized with Intel(R) MKL-DNN to use the following CPU instructions in performance critical operations:  SSE4.1 SSE4.2 AVX AVX2 FMA
To enable them in non-MKL-DNN operations, rebuild TensorFlow with the appropriate compiler flags.
2020-02-26 16:56:17.570304: I tensorflow/core/platform/cpu_feature_guard.cc:145] This TensorFlow binary is optimized with Intel(R) MKL-DNN to use the following CPU instructions in performance critical operations:  SSE4.1 SSE4.2 AVX AVX2 FMA
To enable them in non-MKL-DNN operations, rebuild TensorFlow with the appropriate compiler flags.
2020-02-26 16:56:17.576205: I tensorflow/core/platform/cpu_feature_guard.cc:145] This TensorFlow binary is optimized with Intel(R) MKL-DNN to use the following CPU instructions in performance critical operations:  SSE4.1 SSE4.2 AVX AVX2 FMA
To enable them in non-MKL-DNN operations, rebuild TensorFlow with the appropriate compiler flags.
2020-02-26 16:56:17.576343: I tensorflow/core/platform/cpu_feature_guard.cc:145] This TensorFlow binary is optimized with Intel(R) MKL-DNN to use the following CPU instructions in performance critical operations:  SSE4.1 SSE4.2 AVX AVX2 FMA
To enable them in non-MKL-DNN operations, rebuild TensorFlow with the appropriate compiler flags.
2020-02-26 16:56:17.576526: I tensorflow/core/platform/cpu_feature_guard.cc:145] This TensorFlow binary is optimized with Intel(R) MKL-DNN to use the following CPU instructions in performance critical operations:  SSE4.1 SSE4.2 AVX AVX2 FMA
To enable them in non-MKL-DNN operations, rebuild TensorFlow with the appropriate compiler flags.
2020-02-26 16:56:17.576638: I tensorflow/core/platform/cpu_feature_guard.cc:145] This TensorFlow binary is optimized with Intel(R) MKL-DNN to use the following CPU instructions in performance critical operations:  SSE4.1 SSE4.2 AVX AVX2 FMA
To enable them in non-MKL-DNN operations, rebuild TensorFlow with the appropriate compiler flags.
2020-02-26 16:56:17.576774: I tensorflow/core/platform/cpu_feature_guard.cc:145] This TensorFlow binary is optimized with Intel(R) MKL-DNN to use the following CPU instructions in performance critical operations:  SSE4.1 SSE4.2 AVX AVX2 FMA
To enable them in non-MKL-DNN operations, rebuild TensorFlow with the appropriate compiler flags.
2020-02-26 16:56:17.570431: I tensorflow/core/platform/cpu_feature_guard.cc:145] This TensorFlow binary is optimized with Intel(R) MKL-DNN to use the following CPU instructions in performance critical operations:  SSE4.1 SSE4.2 AVX AVX2 FMA
To enable them in non-MKL-DNN operations, rebuild TensorFlow with the appropriate compiler flags.
2020-02-26 16:56:17.576925: I tensorflow/core/platform/cpu_feature_guard.cc:145] This TensorFlow binary is optimized with Intel(R) MKL-DNN to use the following CPU instructions in performance critical operations:  SSE4.1 SSE4.2 AVX AVX2 FMA
To enable them in non-MKL-DNN operations, rebuild TensorFlow with the appropriate compiler flags.
2020-02-26 16:56:17.577064: I tensorflow/core/platform/cpu_feature_guard.cc:145] This TensorFlow binary is optimized with Intel(R) MKL-DNN to use the following CPU instructions in performance critical operations:  SSE4.1 SSE4.2 AVX AVX2 FMA
To enable them in non-MKL-DNN operations, rebuild TensorFlow with the appropriate compiler flags.
2020-02-26 16:56:17.577294: I tensorflow/core/platform/cpu_feature_guard.cc:145] This TensorFlow binary is optimized with Intel(R) MKL-DNN to use the following CPU instructions in performance critical operations:  SSE4.1 SSE4.2 AVX AVX2 FMA
To enable them in non-MKL-DNN operations, rebuild TensorFlow with the appropriate compiler flags.
2020-02-26 16:56:17.570542: I tensorflow/core/platform/cpu_feature_guard.cc:145] This TensorFlow binary is optimized with Intel(R) MKL-DNN to use the following CPU instructions in performance critical operations:  SSE4.1 SSE4.2 AVX AVX2 FMA
To enable them in non-MKL-DNN operations, rebuild TensorFlow with the appropriate compiler flags.
2020-02-26 16:56:17.570671: I tensorflow/core/platform/cpu_feature_guard.cc:145] This TensorFlow binary is optimized with Intel(R) MKL-DNN to use the following CPU instructions in performance critical operations:  SSE4.1 SSE4.2 AVX AVX2 FMA
To enable them in non-MKL-DNN operations, rebuild TensorFlow with the appropriate compiler flags.
2020-02-26 16:56:17.579091: I tensorflow/core/platform/cpu_feature_guard.cc:145] This TensorFlow binary is optimized with Intel(R) MKL-DNN to use the following CPU instructions in performance critical operations:  SSE4.1 SSE4.2 AVX AVX2 FMA
To enable them in non-MKL-DNN operations, rebuild TensorFlow with the appropriate compiler flags.
2020-02-26 16:56:17.570793: I tensorflow/core/platform/cpu_feature_guard.cc:145] This TensorFlow binary is optimized with Intel(R) MKL-DNN to use the following CPU instructions in performance critical operations:  SSE4.1 SSE4.2 AVX AVX2 FMA
To enable them in non-MKL-DNN operations, rebuild TensorFlow with the appropriate compiler flags.
2020-02-26 16:56:17.579222: I tensorflow/core/platform/cpu_feature_guard.cc:145] This TensorFlow binary is optimized with Intel(R) MKL-DNN to use the following CPU instructions in performance critical operations:  SSE4.1 SSE4.2 AVX AVX2 FMA
To enable them in non-MKL-DNN operations, rebuild TensorFlow with the appropriate compiler flags.
2020-02-26 16:56:17.570882: I tensorflow/core/platform/cpu_feature_guard.cc:145] This TensorFlow binary is optimized with Intel(R) MKL-DNN to use the following CPU instructions in performance critical operations:  SSE4.1 SSE4.2 AVX AVX2 FMA
To enable them in non-MKL-DNN operations, rebuild TensorFlow with the appropriate compiler flags.
2020-02-26 16:56:17.580456: I tensorflow/core/platform/cpu_feature_guard.cc:145] This TensorFlow binary is optimized with Intel(R) MKL-DNN to use the following CPU instructions in performance critical operations:  SSE4.1 SSE4.2 AVX AVX2 FMA
To enable them in non-MKL-DNN operations, rebuild TensorFlow with the appropriate compiler flags.
2020-02-26 16:56:17.571008: I tensorflow/core/platform/cpu_feature_guard.cc:145] This TensorFlow binary is optimized with Intel(R) MKL-DNN to use the following CPU instructions in performance critical operations:  SSE4.1 SSE4.2 AVX AVX2 FMA
To enable them in non-MKL-DNN operations, rebuild TensorFlow with the appropriate compiler flags.
2020-02-26 16:56:17.581299: I tensorflow/core/platform/cpu_feature_guard.cc:145] This TensorFlow binary is optimized with Intel(R) MKL-DNN to use the following CPU instructions in performance critical operations:  SSE4.1 SSE4.2 AVX AVX2 FMA
To enable them in non-MKL-DNN operations, rebuild TensorFlow with the appropriate compiler flags.
2020-02-26 16:56:17.581424: I tensorflow/core/platform/cpu_feature_guard.cc:145] This TensorFlow binary is optimized with Intel(R) MKL-DNN to use the following CPU instructions in performance critical operations:  SSE4.1 SSE4.2 AVX AVX2 FMA
To enable them in non-MKL-DNN operations, rebuild TensorFlow with the appropriate compiler flags.
2020-02-26 16:56:17.571143: I tensorflow/core/platform/cpu_feature_guard.cc:145] This TensorFlow binary is optimized with Intel(R) MKL-DNN to use the following CPU instructions in performance critical operations:  SSE4.1 SSE4.2 AVX AVX2 FMA
To enable them in non-MKL-DNN operations, rebuild TensorFlow with the appropriate compiler flags.
2020-02-26 16:56:17.571290: I tensorflow/core/platform/cpu_feature_guard.cc:145] This TensorFlow binary is optimized with Intel(R) MKL-DNN to use the following CPU instructions in performance critical operations:  SSE4.1 SSE4.2 AVX AVX2 FMA
To enable them in non-MKL-DNN operations, rebuild TensorFlow with the appropriate compiler flags.
2020-02-26 16:56:17.571539: I tensorflow/core/platform/cpu_feature_guard.cc:145] This TensorFlow binary is optimized with Intel(R) MKL-DNN to use the following CPU instructions in performance critical operations:  SSE4.1 SSE4.2 AVX AVX2 FMA
To enable them in non-MKL-DNN operations, rebuild TensorFlow with the appropriate compiler flags.
2020-02-26 16:56:17.572080: I tensorflow/core/platform/cpu_feature_guard.cc:145] This TensorFlow binary is optimized with Intel(R) MKL-DNN to use the following CPU instructions in performance critical operations:  SSE4.1 SSE4.2 AVX AVX2 FMA
To enable them in non-MKL-DNN operations, rebuild TensorFlow with the appropriate compiler flags.
2020-02-26 16:56:17.572200: I tensorflow/core/platform/cpu_feature_guard.cc:145] This TensorFlow binary is optimized with Intel(R) MKL-DNN to use the following CPU instructions in performance critical operations:  SSE4.1 SSE4.2 AVX AVX2 FMA
To enable them in non-MKL-DNN operations, rebuild TensorFlow with the appropriate compiler flags.
2020-02-26 16:56:17.572487: I tensorflow/core/platform/cpu_feature_guard.cc:145] This TensorFlow binary is optimized with Intel(R) MKL-DNN to use the following CPU instructions in performance critical operations:  SSE4.1 SSE4.2 AVX AVX2 FMA
To enable them in non-MKL-DNN operations, rebuild TensorFlow with the appropriate compiler flags.
2020-02-26 16:56:17.581943: I tensorflow/core/platform/cpu_feature_guard.cc:145] This TensorFlow binary is optimized with Intel(R) MKL-DNN to use the following CPU instructions in performance critical operations:  SSE4.1 SSE4.2 AVX AVX2 FMA
To enable them in non-MKL-DNN operations, rebuild TensorFlow with the appropriate compiler flags.
2020-02-26 16:56:17.582179: I tensorflow/core/platform/cpu_feature_guard.cc:145] This TensorFlow binary is optimized with Intel(R) MKL-DNN to use the following CPU instructions in performance critical operations:  SSE4.1 SSE4.2 AVX AVX2 FMA
To enable them in non-MKL-DNN operations, rebuild TensorFlow with the appropriate compiler flags.
2020-02-26 16:56:17.582313: I tensorflow/core/platform/cpu_feature_guard.cc:145] This TensorFlow binary is optimized with Intel(R) MKL-DNN to use the following CPU instructions in performance critical operations:  SSE4.1 SSE4.2 AVX AVX2 FMA
To enable them in non-MKL-DNN operations, rebuild TensorFlow with the appropriate compiler flags.
2020-02-26 16:56:17.582691: I tensorflow/core/platform/cpu_feature_guard.cc:145] This TensorFlow binary is optimized with Intel(R) MKL-DNN to use the following CPU instructions in performance critical operations:  SSE4.1 SSE4.2 AVX AVX2 FMA
To enable them in non-MKL-DNN operations, rebuild TensorFlow with the appropriate compiler flags.
2020-02-26 16:56:17.582923: I tensorflow/core/platform/cpu_feature_guard.cc:145] This TensorFlow binary is optimized with Intel(R) MKL-DNN to use the following CPU instructions in performance critical operations:  SSE4.1 SSE4.2 AVX AVX2 FMA
To enable them in non-MKL-DNN operations, rebuild TensorFlow with the appropriate compiler flags.
2020-02-26 16:56:17.583313: I tensorflow/core/platform/cpu_feature_guard.cc:145] This TensorFlow binary is optimized with Intel(R) MKL-DNN to use the following CPU instructions in performance critical operations:  SSE4.1 SSE4.2 AVX AVX2 FMA
To enable them in non-MKL-DNN operations, rebuild TensorFlow with the appropriate compiler flags.
2020-02-26 16:56:17.590985: I tensorflow/core/platform/profile_utils/cpu_utils.cc:94] CPU Frequency: 2397090000 Hz
2020-02-26 16:56:17.591951: I tensorflow/core/platform/profile_utils/cpu_utils.cc:94] CPU Frequency: 2397090000 Hz
2020-02-26 16:56:17.592134: I tensorflow/core/platform/profile_utils/cpu_utils.cc:94] CPU Frequency: 2397090000 Hz
2020-02-26 16:56:17.592767: I tensorflow/core/platform/profile_utils/cpu_utils.cc:94] CPU Frequency: 2397090000 Hz
2020-02-26 16:56:17.593193: I tensorflow/core/platform/profile_utils/cpu_utils.cc:94] CPU Frequency: 2397090000 Hz
2020-02-26 16:56:17.594076: I tensorflow/core/platform/profile_utils/cpu_utils.cc:94] CPU Frequency: 2397090000 Hz
2020-02-26 16:56:17.594192: I tensorflow/core/platform/profile_utils/cpu_utils.cc:94] CPU Frequency: 2397090000 Hz
2020-02-26 16:56:17.594641: I tensorflow/core/platform/profile_utils/cpu_utils.cc:94] CPU Frequency: 2397090000 Hz
2020-02-26 16:56:17.594981: I tensorflow/core/platform/profile_utils/cpu_utils.cc:94] CPU Frequency: 2397090000 Hz
2020-02-26 16:56:17.595365: I tensorflow/compiler/xla/service/service.cc:168] XLA service 0x5627a2072f30 executing computations on platform Host. Devices:
2020-02-26 16:56:17.595405: I tensorflow/compiler/xla/service/service.cc:175]   StreamExecutor device (0): Host, Default Version
2020-02-26 16:56:17.596633: I tensorflow/compiler/xla/service/service.cc:168] XLA service 0x556b6a76c880 executing computations on platform Host. Devices:
2020-02-26 16:56:17.596700: I tensorflow/compiler/xla/service/service.cc:175]   StreamExecutor device (0): Host, Default Version
2020-02-26 16:56:17.596914: I tensorflow/compiler/xla/service/service.cc:168] XLA service 0x55a0db00aff0 executing computations on platform Host. Devices:
2020-02-26 16:56:17.596955: I tensorflow/compiler/xla/service/service.cc:175]   StreamExecutor device (0): Host, Default Version
2020-02-26 16:56:17.597220: I tensorflow/compiler/xla/service/service.cc:168] XLA service 0x560ce0cfdd90 executing computations on platform Host. Devices:
2020-02-26 16:56:17.597278: I tensorflow/compiler/xla/service/service.cc:175]   StreamExecutor device (0): Host, Default Version
2020-02-26 16:56:17.597828: I tensorflow/core/platform/profile_utils/cpu_utils.cc:94] CPU Frequency: 2397090000 Hz
2020-02-26 16:56:17.597891: I tensorflow/compiler/xla/service/service.cc:168] XLA service 0x5632dd579f40 executing computations on platform Host. Devices:
2020-02-26 16:56:17.597929: I tensorflow/compiler/xla/service/service.cc:175]   StreamExecutor device (0): Host, Default Version
2020-02-26 16:56:17.598088: I tensorflow/core/platform/profile_utils/cpu_utils.cc:94] CPU Frequency: 2397090000 Hz
2020-02-26 16:56:17.598697: I tensorflow/compiler/xla/service/service.cc:168] XLA service 0x55793a336d40 executing computations on platform Host. Devices:
2020-02-26 16:56:17.598741: I tensorflow/compiler/xla/service/service.cc:175]   StreamExecutor device (0): Host, Default Version
2020-02-26 16:56:17.599053: I tensorflow/compiler/xla/service/service.cc:168] XLA service 0x56351a911440 executing computations on platform Host. Devices:
2020-02-26 16:56:17.599093: I tensorflow/compiler/xla/service/service.cc:175]   StreamExecutor device (0): Host, Default Version
2020-02-26 16:56:17.599280: I tensorflow/core/platform/profile_utils/cpu_utils.cc:94] CPU Frequency: 2397090000 Hz
2020-02-26 16:56:17.599383: I tensorflow/core/platform/profile_utils/cpu_utils.cc:94] CPU Frequency: 2397090000 Hz
2020-02-26 16:56:17.599416: I tensorflow/compiler/xla/service/service.cc:168] XLA service 0x55b2c4676080 executing computations on platform Host. Devices:
2020-02-26 16:56:17.599456: I tensorflow/compiler/xla/service/service.cc:175]   StreamExecutor device (0): Host, Default Version
2020-02-26 16:56:17.600337: I tensorflow/core/platform/profile_utils/cpu_utils.cc:94] CPU Frequency: 2397090000 Hz
2020-02-26 16:56:17.600872: I tensorflow/core/platform/profile_utils/cpu_utils.cc:94] CPU Frequency: 2397090000 Hz
2020-02-26 16:56:17.600969: I tensorflow/core/platform/profile_utils/cpu_utils.cc:94] CPU Frequency: 2397090000 Hz
2020-02-26 16:56:17.602682: I tensorflow/compiler/xla/service/service.cc:168] XLA service 0x563e35228a60 executing computations on platform Host. Devices:
2020-02-26 16:56:17.602722: I tensorflow/compiler/xla/service/service.cc:175]   StreamExecutor device (0): Host, Default Version
2020-02-26 16:56:17.602933: I tensorflow/compiler/xla/service/service.cc:168] XLA service 0x55c5ef1ca3f0 executing computations on platform Host. Devices:
2020-02-26 16:56:17.602976: I tensorflow/compiler/xla/service/service.cc:175]   StreamExecutor device (0): Host, Default Version
2020-02-26 16:56:17.603751: I tensorflow/compiler/xla/service/service.cc:168] XLA service 0x55da0f216a20 executing computations on platform Host. Devices:
2020-02-26 16:56:17.603796: I tensorflow/compiler/xla/service/service.cc:175]   StreamExecutor device (0): Host, Default Version
2020-02-26 16:56:17.604603: I tensorflow/compiler/xla/service/service.cc:168] XLA service 0x55960b5d9e80 executing computations on platform Host. Devices:
2020-02-26 16:56:17.604646: I tensorflow/compiler/xla/service/service.cc:175]   StreamExecutor device (0): Host, Default Version
terminate called after throwing an instance of 'std::system_error'
  what():  Resource temporarily unavailable
terminate called after throwing an instance of 'terminate called after throwing an instance of 'terminate called after throwing an instance of 'std::system_errorstd::system_errorstd::system_error'
'
'
  what():    what():  Resource temporarily unavailable  what():  Resource temporarily unavailable
Resource temporarily unavailable

terminate called after throwing an instance of 'std::system_error'
  what():  Resource temporarily unavailable
terminate called after throwing an instance of 'std::system_error'
  what():  Resource temporarily unavailable
terminate called after throwing an instance of 'std::system_error'
  what():  Resource temporarily unavailable
terminate called after throwing an instance of 'std::system_error'
  what():  Resource temporarily unavailable
2020-02-26 16:56:17.612644: I tensorflow/core/platform/profile_utils/cpu_utils.cc:94] CPU Frequency: 2397090000 Hz
2020-02-26 16:56:17.612760: I tensorflow/core/platform/profile_utils/cpu_utils.cc:94] CPU Frequency: 2397090000 Hz
2020-02-26 16:56:17.614273: I tensorflow/compiler/xla/service/service.cc:168] XLA service 0x55acaf6a3d90 executing computations on platform Host. Devices:
2020-02-26 16:56:17.614355: I tensorflow/compiler/xla/service/service.cc:175]   StreamExecutor device (0): Host, Default Version
2020-02-26 16:56:17.615115: I tensorflow/core/platform/profile_utils/cpu_utils.cc:94] CPU Frequency: 2397090000 Hz
2020-02-26 16:56:17.616025: I tensorflow/core/platform/profile_utils/cpu_utils.cc:94] CPU Frequency: 2397090000 Hz
2020-02-26 16:56:17.616025: I tensorflow/core/platform/profile_utils/cpu_utils.cc:94] CPU Frequency: 2397090000 Hz
2020-02-26 16:56:17.616192: I tensorflow/core/platform/profile_utils/cpu_utils.cc:94] CPU Frequency: 2397090000 Hz
2020-02-26 16:56:17.618448: I tensorflow/compiler/xla/service/service.cc:168] XLA service 0x563e62d083e0 executing computations on platform Host. Devices:
2020-02-26 16:56:17.618486: I tensorflow/compiler/xla/service/service.cc:175]   StreamExecutor device (0): Host, Default Version
2020-02-26 16:56:17.619003: I tensorflow/compiler/xla/service/service.cc:168] XLA service 0x557ff83c9500 executing computations on platform Host. Devices:
2020-02-26 16:56:17.619042: I tensorflow/compiler/xla/service/service.cc:175]   StreamExecutor device (0): Host, Default Version
2020-02-26 16:56:17.619966: I tensorflow/compiler/xla/service/service.cc:168] XLA service 0x55b2816821a0 executing computations on platform Host. Devices:
2020-02-26 16:56:17.620007: I tensorflow/compiler/xla/service/service.cc:175]   StreamExecutor device (0): Host, Default Version
2020-02-26 16:56:17.620583: I tensorflow/compiler/xla/service/service.cc:168] XLA service 0x55c53c793390 executing computations on platform Host. Devices:
2020-02-26 16:56:17.620620: I tensorflow/compiler/xla/service/service.cc:175]   StreamExecutor device (0): Host, Default Version
2020-02-26 16:56:17.620869: I tensorflow/compiler/xla/service/service.cc:168] XLA service 0x55e78b4309d0 executing computations on platform Host. Devices:
2020-02-26 16:56:17.620905: I tensorflow/compiler/xla/service/service.cc:175]   StreamExecutor device (0): Host, Default Version
2020-02-26 16:56:17.620914: I tensorflow/compiler/xla/service/service.cc:168] XLA service 0x55c88ac8c530 executing computations on platform Host. Devices:
2020-02-26 16:56:17.620952: I tensorflow/compiler/xla/service/service.cc:175]   StreamExecutor device (0): Host, Default Version
2020-02-26 16:56:17.628449: I tensorflow/core/platform/profile_utils/cpu_utils.cc:94] CPU Frequency: 2397090000 Hz
2020-02-26 16:56:17.628692: I tensorflow/core/platform/profile_utils/cpu_utils.cc:94] CPU Frequency: 2397090000 Hz
2020-02-26 16:56:17.629974: I tensorflow/core/platform/profile_utils/cpu_utils.cc:94] CPU Frequency: 2397090000 Hz
2020-02-26 16:56:17.632946: I tensorflow/compiler/xla/service/service.cc:168] XLA service 0x563ff83af370 executing computations on platform Host. Devices:
2020-02-26 16:56:17.632979: I tensorflow/compiler/xla/service/service.cc:175]   StreamExecutor device (0): Host, Default Version
2020-02-26 16:56:17.632990: I tensorflow/compiler/xla/service/service.cc:168] XLA service 0x5606e6342a00 executing computations on platform Host. Devices:
2020-02-26 16:56:17.633035: I tensorflow/compiler/xla/service/service.cc:175]   StreamExecutor device (0): Host, Default Version
2020-02-26 16:56:17.633846: I tensorflow/compiler/xla/service/service.cc:168] XLA service 0x5556654e1160 executing computations on platform Host. Devices:
2020-02-26 16:56:17.633874: I tensorflow/compiler/xla/service/service.cc:175]   StreamExecutor device (0): Host, Default Version
2020-02-26 16:56:17.636720: I tensorflow/core/platform/profile_utils/cpu_utils.cc:94] CPU Frequency: 2397090000 Hz
2020-02-26 16:56:17.639766: I tensorflow/core/platform/profile_utils/cpu_utils.cc:94] CPU Frequency: 2397090000 Hz
terminate called after throwing an instance of 'std::system_error'
  what():  Resource temporarily unavailable
terminate called after throwing an instance of 'std::system_error'
  what():  Resource temporarily unavailable
terminate called after throwing an instance of 'std::system_error'
  what():  Resource temporarily unavailable
terminate called after throwing an instance of 'std::system_error'
  what():  Resource temporarily unavailable
terminate called after throwing an instance of 'std::system_error'
  what():  Resource temporarily unavailable
terminate called after throwing an instance of 'std::system_error'
  what():  Resource temporarily unavailable
2020-02-26 16:56:17.645413: I tensorflow/core/platform/profile_utils/cpu_utils.cc:94] CPU Frequency: 2397090000 Hz
2020-02-26 16:56:17.647656: I tensorflow/core/platform/profile_utils/cpu_utils.cc:94] CPU Frequency: 2397090000 Hz
2020-02-26 16:56:17.649412: I tensorflow/core/platform/profile_utils/cpu_utils.cc:94] CPU Frequency: 2397090000 Hz
2020-02-26 16:56:17.649663: I tensorflow/compiler/xla/service/service.cc:168] XLA service 0x55721e18c370 executing computations on platform Host. Devices:
2020-02-26 16:56:17.649700: I tensorflow/compiler/xla/service/service.cc:175]   StreamExecutor device (0): Host, Default Version
2020-02-26 16:56:17.649733: I tensorflow/core/platform/profile_utils/cpu_utils.cc:94] CPU Frequency: 2397090000 Hz
2020-02-26 16:56:17.651205: I tensorflow/core/platform/profile_utils/cpu_utils.cc:94] CPU Frequency: 2397090000 Hz
2020-02-26 16:56:17.651401: I tensorflow/compiler/xla/service/service.cc:168] XLA service 0x5562cd3fc520 executing computations on platform Host. Devices:
2020-02-26 16:56:17.651429: I tensorflow/compiler/xla/service/service.cc:175]   StreamExecutor device (0): Host, Default Version
2020-02-26 16:56:17.653119: I tensorflow/compiler/xla/service/service.cc:168] XLA service 0x559ace59db20 executing computations on platform Host. Devices:
2020-02-26 16:56:17.653162: I tensorflow/compiler/xla/service/service.cc:175]   StreamExecutor device (0): Host, Default Version
2020-02-26 16:56:17.653375: I tensorflow/compiler/xla/service/service.cc:168] XLA service 0x55b14fc40080 executing computations on platform Host. Devices:
2020-02-26 16:56:17.653404: I tensorflow/compiler/xla/service/service.cc:175]   StreamExecutor device (0): Host, Default Version
2020-02-26 16:56:17.654841: I tensorflow/compiler/xla/service/service.cc:168] XLA service 0x55fda854ca20 executing computations on platform Host. Devices:
2020-02-26 16:56:17.654879: I tensorflow/compiler/xla/service/service.cc:175]   StreamExecutor device (0): Host, Default Version
2020-02-26 16:56:17.656558: I tensorflow/core/platform/profile_utils/cpu_utils.cc:94] CPU Frequency: 2397090000 Hz
2020-02-26 16:56:17.658331: I tensorflow/core/platform/profile_utils/cpu_utils.cc:94] CPU Frequency: 2397090000 Hz
2020-02-26 16:56:17.659474: I tensorflow/core/platform/profile_utils/cpu_utils.cc:94] CPU Frequency: 2397090000 Hz
2020-02-26 16:56:17.659575: I tensorflow/core/platform/profile_utils/cpu_utils.cc:94] CPU Frequency: 2397090000 Hz
2020-02-26 16:56:17.660507: I tensorflow/core/platform/profile_utils/cpu_utils.cc:94] CPU Frequency: 2397090000 Hz
terminate called after throwing an instance of 'std::system_error'
terminate called after throwing an instance of 'terminate called after throwing an instance of 'std::system_error  what():  std::system_error'
Resource temporarily unavailable'

  what():  Resource temporarily unavailable
terminate called after throwing an instance of '  what():  std::system_error'
Resource temporarily unavailable
  what():  Resource temporarily unavailable
terminate called after throwing an instance of 'std::system_error'
  what():  Resource temporarily unavailable
terminate called after throwing an instance of 'std::system_error'
  what():  Resource temporarily unavailable
terminate called after throwing an instance of 'std::system_error'
  what():  Resource temporarily unavailable
2020-02-26 16:56:17.668412: I tensorflow/core/platform/profile_utils/cpu_utils.cc:94] CPU Frequency: 2397090000 Hz
2020-02-26 16:56:17.670725: I tensorflow/core/platform/profile_utils/cpu_utils.cc:94] CPU Frequency: 2397090000 Hz
2020-02-26 16:56:17.672828: I tensorflow/core/platform/profile_utils/cpu_utils.cc:94] CPU Frequency: 2397090000 Hz
2020-02-26 16:56:17.673467: I tensorflow/compiler/xla/service/service.cc:168] XLA service 0x561a14214820 executing computations on platform Host. Devices:
2020-02-26 16:56:17.673494: I tensorflow/compiler/xla/service/service.cc:175]   StreamExecutor device (0): Host, Default Version
2020-02-26 16:56:17.674428: I tensorflow/core/platform/profile_utils/cpu_utils.cc:94] CPU Frequency: 2397090000 Hz
2020-02-26 16:56:17.675227: I tensorflow/compiler/xla/service/service.cc:168] XLA service 0x5634bdd973e0 executing computations on platform Host. Devices:
2020-02-26 16:56:17.675272: I tensorflow/compiler/xla/service/service.cc:175]   StreamExecutor device (0): Host, Default Version
2020-02-26 16:56:17.675899: I tensorflow/core/platform/profile_utils/cpu_utils.cc:94] CPU Frequency: 2397090000 Hz
2020-02-26 16:56:17.676750: I tensorflow/compiler/xla/service/service.cc:168] XLA service 0x5631f00091b0 executing computations on platform Host. Devices:
2020-02-26 16:56:17.676782: I tensorflow/compiler/xla/service/service.cc:175]   StreamExecutor device (0): Host, Default Version
2020-02-26 16:56:17.678510: I tensorflow/compiler/xla/service/service.cc:168] XLA service 0x55e32481a5e0 executing computations on platform Host. Devices:
2020-02-26 16:56:17.678541: I tensorflow/compiler/xla/service/service.cc:175]   StreamExecutor device (0): Host, Default Version
2020-02-26 16:56:17.679754: I tensorflow/compiler/xla/service/service.cc:168] XLA service 0x555e040e6e40 executing computations on platform Host. Devices:
2020-02-26 16:56:17.679785: I tensorflow/compiler/xla/service/service.cc:175]   StreamExecutor device (0): Host, Default Version
2020-02-26 16:56:17.682998: I tensorflow/core/platform/profile_utils/cpu_utils.cc:94] CPU Frequency: 2397090000 Hz
2020-02-26 16:56:17.685950: I tensorflow/compiler/xla/service/service.cc:168] XLA service 0x55a2e5e32160 executing computations on platform Host. Devices:
2020-02-26 16:56:17.685978: I tensorflow/compiler/xla/service/service.cc:175]   StreamExecutor device (0): Host, Default Version
2020-02-26 16:56:17.687401: I tensorflow/core/platform/profile_utils/cpu_utils.cc:94] CPU Frequency: 2397090000 Hz
2020-02-26 16:56:17.687928: I tensorflow/core/platform/profile_utils/cpu_utils.cc:94] CPU Frequency: 2397090000 Hz
2020-02-26 16:56:17.687981: I tensorflow/core/platform/profile_utils/cpu_utils.cc:94] CPU Frequency: 2397090000 Hz
[Parallel(n_jobs=-1)]: Done   1 tasks      | elapsed:   16.9s
exception calling callback for <Future at 0x2b5336869d90 state=finished raised TerminatedWorkerError>
Traceback (most recent call last):
  File "/uufs/chpc.utah.edu/common/home/u0890904/software/pkg/miniconda3/envs/CO2_Eddy/lib/python3.7/site-packages/joblib/externals/loky/_base.py", line 625, in _invoke_callbacks
    callback(self)
  File "/uufs/chpc.utah.edu/common/home/u0890904/software/pkg/miniconda3/envs/CO2_Eddy/lib/python3.7/site-packages/joblib/parallel.py", line 340, in __call__
    self.parallel.dispatch_next()
  File "/uufs/chpc.utah.edu/common/home/u0890904/software/pkg/miniconda3/envs/CO2_Eddy/lib/python3.7/site-packages/joblib/parallel.py", line 769, in dispatch_next
    if not self.dispatch_one_batch(self._original_iterator):
  File "/uufs/chpc.utah.edu/common/home/u0890904/software/pkg/miniconda3/envs/CO2_Eddy/lib/python3.7/site-packages/joblib/parallel.py", line 835, in dispatch_one_batch
    self._dispatch(tasks)
  File "/uufs/chpc.utah.edu/common/home/u0890904/software/pkg/miniconda3/envs/CO2_Eddy/lib/python3.7/site-packages/joblib/parallel.py", line 754, in _dispatch
    job = self._backend.apply_async(batch, callback=cb)
  File "/uufs/chpc.utah.edu/common/home/u0890904/software/pkg/miniconda3/envs/CO2_Eddy/lib/python3.7/site-packages/joblib/_parallel_backends.py", line 551, in apply_async
    future = self._workers.submit(SafeFunction(func))
  File "/uufs/chpc.utah.edu/common/home/u0890904/software/pkg/miniconda3/envs/CO2_Eddy/lib/python3.7/site-packages/joblib/externals/loky/reusable_executor.py", line 160, in submit
    fn, *args, **kwargs)
  File "/uufs/chpc.utah.edu/common/home/u0890904/software/pkg/miniconda3/envs/CO2_Eddy/lib/python3.7/site-packages/joblib/externals/loky/process_executor.py", line 1027, in submit
    raise self._flags.broken
joblib.externals.loky.process_executor.TerminatedWorkerError: A worker process managed by the executor was unexpectedly terminated. This could be caused by a segmentation fault while calling the function or by an excessive memory usage causing the Operating System to kill the worker. The exit codes of the workers are {SIGABRT(-6)}
terminate called after throwing an instance of 'terminate called after throwing an instance of 'std::system_errorstd::system_error'
'
  what():    what():  Resource temporarily unavailableResource temporarily unavailable

terminate called after throwing an instance of 'std::system_error'
  what():  Resource temporarily unavailable
2020-02-26 16:56:17.739585: I tensorflow/core/common_runtime/process_util.cc:115] Creating new thread pool with default inter op setting: 56. Tune using inter_op_parallelism_threads for best performance.
2020-02-26 16:56:17.740527: I tensorflow/core/common_runtime/process_util.cc:115] Creating new thread pool with default inter op setting: 56. Tune using inter_op_parallelism_threads for best performance.
2020-02-26 16:56:17.740717: I tensorflow/core/common_runtime/process_util.cc:115] Creating new thread pool with default inter op setting: 56. Tune using inter_op_parallelism_threads for best performance.
2020-02-26 16:56:17.741579: I tensorflow/core/common_runtime/process_util.cc:115] Creating new thread pool with default inter op setting: 56. Tune using inter_op_parallelism_threads for best performance.
2020-02-26 16:56:17.742482: I tensorflow/core/common_runtime/process_util.cc:115] Creating new thread pool with default inter op setting: 56. Tune using inter_op_parallelism_threads for best performance.
2020-02-26 16:56:17.743310: I tensorflow/core/common_runtime/process_util.cc:115] Creating new thread pool with default inter op setting: 56. Tune using inter_op_parallelism_threads for best performance.
2020-02-26 16:56:17.744186: I tensorflow/core/common_runtime/process_util.cc:115] Creating new thread pool with default inter op setting: 56. Tune using inter_op_parallelism_threads for best performance.
2020-02-26 16:56:17.745096: I tensorflow/core/common_runtime/process_util.cc:115] Creating new thread pool with default inter op setting: 56. Tune using inter_op_parallelism_threads for best performance.
terminate called after throwing an instance of 'terminate called after throwing an instance of 'terminate called after throwing an instance of 'std::system_errorstd::system_errorstd::system_error'
'
'
  what():    what():  Resource temporarily unavailable  what():  Resource temporarily unavailable
Resource temporarily unavailable

terminate called after throwing an instance of 'std::system_error'
  what():  Resource temporarily unavailable
2020-02-26 16:56:17.746925: I tensorflow/core/common_runtime/process_util.cc:115] Creating new thread pool with default inter op setting: 56. Tune using inter_op_parallelism_threads for best performance.
2020-02-26 16:56:17.747046: I tensorflow/core/common_runtime/process_util.cc:115] Creating new thread pool with default inter op setting: 56. Tune using inter_op_parallelism_threads for best performance.
2020-02-26 16:56:17.747173: I tensorflow/core/common_runtime/process_util.cc:115] Creating new thread pool with default inter op setting: 56. Tune using inter_op_parallelism_threads for best performance.
2020-02-26 16:56:17.747340: I tensorflow/core/common_runtime/process_util.cc:115] Creating new thread pool with default inter op setting: 56. Tune using inter_op_parallelism_threads for best performance.
2020-02-26 16:56:17.748258: I tensorflow/core/common_runtime/process_util.cc:115] Creating new thread pool with default inter op setting: 56. Tune using inter_op_parallelism_threads for best performance.
2020-02-26 16:56:17.749285: I tensorflow/core/common_runtime/process_util.cc:115] Creating new thread pool with default inter op setting: 56. Tune using inter_op_parallelism_threads for best performance.
2020-02-26 16:56:17.750680: I tensorflow/core/common_runtime/process_util.cc:115] Creating new thread pool with default inter op setting: 56. Tune using inter_op_parallelism_threads for best performance.
2020-02-26 16:56:17.751513: I tensorflow/core/common_runtime/process_util.cc:115] Creating new thread pool with default inter op setting: 56. Tune using inter_op_parallelism_threads for best performance.
2020-02-26 16:56:17.752358: I tensorflow/core/common_runtime/process_util.cc:115] Creating new thread pool with default inter op setting: 56. Tune using inter_op_parallelism_threads for best performance.
2020-02-26 16:56:17.753259: I tensorflow/core/common_runtime/process_util.cc:115] Creating new thread pool with default inter op setting: 56. Tune using inter_op_parallelism_threads for best performance.
2020-02-26 16:56:17.754188: I tensorflow/core/common_runtime/process_util.cc:115] Creating new thread pool with default inter op setting: 56. Tune using inter_op_parallelism_threads for best performance.
2020-02-26 16:56:17.755454: I tensorflow/core/common_runtime/process_util.cc:115] Creating new thread pool with default inter op setting: 56. Tune using inter_op_parallelism_threads for best performance.
2020-02-26 16:56:17.756380: I tensorflow/core/common_runtime/process_util.cc:115] Creating new thread pool with default inter op setting: 56. Tune using inter_op_parallelism_threads for best performance.
terminate called after throwing an instance of 'std::system_error'
terminate called after throwing an instance of 'std::system_error  what():  '
Resource temporarily unavailable
  what():  Resource temporarily unavailable
terminate called after throwing an instance of 'std::system_error'
  what():  Resource temporarily unavailable
terminate called after throwing an instance of 'std::system_error'
  what():  Resource temporarily unavailable
terminate called after throwing an instance of 'std::system_error'
  what():  Resource temporarily unavailable
2020-02-26 16:56:17.758213: I tensorflow/core/common_runtime/process_util.cc:115] Creating new thread pool with default inter op setting: 56. Tune using inter_op_parallelism_threads for best performance.
2020-02-26 16:56:17.759454: I tensorflow/core/common_runtime/process_util.cc:115] Creating new thread pool with default inter op setting: 56. Tune using inter_op_parallelism_threads for best performance.
2020-02-26 16:56:17.760472: I tensorflow/core/common_runtime/process_util.cc:115] Creating new thread pool with default inter op setting: 56. Tune using inter_op_parallelism_threads for best performance.
2020-02-26 16:56:17.761383: I tensorflow/core/common_runtime/process_util.cc:115] Creating new thread pool with default inter op setting: 56. Tune using inter_op_parallelism_threads for best performance.
2020-02-26 16:56:17.762468: I tensorflow/core/common_runtime/process_util.cc:115] Creating new thread pool with default inter op setting: 56. Tune using inter_op_parallelism_threads for best performance.
2020-02-26 16:56:17.763535: I tensorflow/core/common_runtime/process_util.cc:115] Creating new thread pool with default inter op setting: 56. Tune using inter_op_parallelism_threads for best performance.
2020-02-26 16:56:17.764568: I tensorflow/core/common_runtime/process_util.cc:115] Creating new thread pool with default inter op setting: 56. Tune using inter_op_parallelism_threads for best performance.
2020-02-26 16:56:17.765426: I tensorflow/core/common_runtime/process_util.cc:115] Creating new thread pool with default inter op setting: 56. Tune using inter_op_parallelism_threads for best performance.
2020-02-26 16:56:17.766394: I tensorflow/core/common_runtime/process_util.cc:115] Creating new thread pool with default inter op setting: 56. Tune using inter_op_parallelism_threads for best performance.
2020-02-26 16:56:17.767442: I tensorflow/core/common_runtime/process_util.cc:115] Creating new thread pool with default inter op setting: 56. Tune using inter_op_parallelism_threads for best performance.
2020-02-26 16:56:17.768507: I tensorflow/core/common_runtime/process_util.cc:115] Creating new thread pool with default inter op setting: 56. Tune using inter_op_parallelism_threads for best performance.
/uufs/chpc.utah.edu/common/home/u0890904/software/pkg/miniconda3/envs/CO2_Eddy/lib/python3.7/site-packages/joblib/externals/loky/backend/utils.py:55: UserWarning: Failed to kill subprocesses on this platform. Pleaseinstall psutil: https://github.com/giampaolo/psutil
  warnings.warn("Failed to kill subprocesses on this platform. Please"
Traceback (most recent call last):
  File "gridsearch.py", line 82, in <module>
    grid_result = grid.fit(X_train, y_train,verbose=False)
  File "/uufs/chpc.utah.edu/common/home/u0890904/software/pkg/miniconda3/envs/CO2_Eddy/lib/python3.7/site-packages/sklearn/model_selection/_search.py", line 710, in fit
    self._run_search(evaluate_candidates)
  File "/uufs/chpc.utah.edu/common/home/u0890904/software/pkg/miniconda3/envs/CO2_Eddy/lib/python3.7/site-packages/sklearn/model_selection/_search.py", line 1151, in _run_search
    evaluate_candidates(ParameterGrid(self.param_grid))
  File "/uufs/chpc.utah.edu/common/home/u0890904/software/pkg/miniconda3/envs/CO2_Eddy/lib/python3.7/site-packages/sklearn/model_selection/_search.py", line 689, in evaluate_candidates
    cv.split(X, y, groups)))
  File "/uufs/chpc.utah.edu/common/home/u0890904/software/pkg/miniconda3/envs/CO2_Eddy/lib/python3.7/site-packages/joblib/parallel.py", line 1017, in __call__
    self.retrieve()
  File "/uufs/chpc.utah.edu/common/home/u0890904/software/pkg/miniconda3/envs/CO2_Eddy/lib/python3.7/site-packages/joblib/parallel.py", line 909, in retrieve
    self._output.extend(job.get(timeout=self.timeout))
  File "/uufs/chpc.utah.edu/common/home/u0890904/software/pkg/miniconda3/envs/CO2_Eddy/lib/python3.7/site-packages/joblib/_parallel_backends.py", line 562, in wrap_future_result
    return future.result(timeout=timeout)
  File "/uufs/chpc.utah.edu/common/home/u0890904/software/pkg/miniconda3/envs/CO2_Eddy/lib/python3.7/concurrent/futures/_base.py", line 435, in result
    return self.__get_result()
  File "/uufs/chpc.utah.edu/common/home/u0890904/software/pkg/miniconda3/envs/CO2_Eddy/lib/python3.7/concurrent/futures/_base.py", line 384, in __get_result
    raise self._exception
  File "/uufs/chpc.utah.edu/common/home/u0890904/software/pkg/miniconda3/envs/CO2_Eddy/lib/python3.7/site-packages/joblib/externals/loky/_base.py", line 625, in _invoke_callbacks
    callback(self)
  File "/uufs/chpc.utah.edu/common/home/u0890904/software/pkg/miniconda3/envs/CO2_Eddy/lib/python3.7/site-packages/joblib/parallel.py", line 340, in __call__
    self.parallel.dispatch_next()
  File "/uufs/chpc.utah.edu/common/home/u0890904/software/pkg/miniconda3/envs/CO2_Eddy/lib/python3.7/site-packages/joblib/parallel.py", line 769, in dispatch_next
    if not self.dispatch_one_batch(self._original_iterator):
  File "/uufs/chpc.utah.edu/common/home/u0890904/software/pkg/miniconda3/envs/CO2_Eddy/lib/python3.7/site-packages/joblib/parallel.py", line 835, in dispatch_one_batch
    self._dispatch(tasks)
  File "/uufs/chpc.utah.edu/common/home/u0890904/software/pkg/miniconda3/envs/CO2_Eddy/lib/python3.7/site-packages/joblib/parallel.py", line 754, in _dispatch
    job = self._backend.apply_async(batch, callback=cb)
  File "/uufs/chpc.utah.edu/common/home/u0890904/software/pkg/miniconda3/envs/CO2_Eddy/lib/python3.7/site-packages/joblib/_parallel_backends.py", line 551, in apply_async
    future = self._workers.submit(SafeFunction(func))
  File "/uufs/chpc.utah.edu/common/home/u0890904/software/pkg/miniconda3/envs/CO2_Eddy/lib/python3.7/site-packages/joblib/externals/loky/reusable_executor.py", line 160, in submit
    fn, *args, **kwargs)
  File "/uufs/chpc.utah.edu/common/home/u0890904/software/pkg/miniconda3/envs/CO2_Eddy/lib/python3.7/site-packages/joblib/externals/loky/process_executor.py", line 1027, in submit
    raise self._flags.broken
joblib.externals.loky.process_executor.TerminatedWorkerError: A worker process managed by the executor was unexpectedly terminated. This could be caused by a segmentation fault while calling the function or by an excessive memory usage causing the Operating System to kill the worker. The exit codes of the workers are {SIGABRT(-6)}
